0 info it worked if it ends with ok
1 verbose cli [ '/usr/local/bin/node', '/usr/local/bin/npm', 'start' ]
2 info using npm@2.11.2
3 info using node@v4.8.4
4 verbose run-script [ 'prestart', 'start', 'poststart' ]
5 info prestart car@0.0.0
6 info start car@0.0.0
7 verbose unsafe-perm in lifecycle true
8 info car@0.0.0 Failed to exec start script
9 verbose stack Error: car@0.0.0 start: `sudo node ./bin/www`
9 verbose stack Exit status 143
9 verbose stack     at EventEmitter.<anonymous> (/usr/local/lib/node_modules/npm/lib/utils/lifecycle.js:213:16)
9 verbose stack     at emitTwo (events.js:87:13)
9 verbose stack     at EventEmitter.emit (events.js:172:7)
9 verbose stack     at ChildProcess.<anonymous> (/usr/local/lib/node_modules/npm/lib/utils/spawn.js:24:14)
9 verbose stack     at emitTwo (events.js:87:13)
9 verbose stack     at ChildProcess.emit (events.js:172:7)
9 verbose stack     at maybeClose (internal/child_process.js:862:16)
9 verbose stack     at Process.ChildProcess._handle.onexit (internal/child_process.js:222:5)
10 verbose pkgid car@0.0.0
11 verbose cwd /home/pi/car
12 error Linux 4.9.35+
13 error argv "/usr/local/bin/node" "/usr/local/bin/npm" "start"
14 error node v4.8.4
15 error npm  v2.11.2
16 error code ELIFECYCLE
17 error car@0.0.0 start: `sudo node ./bin/www`
17 error Exit status 143
18 error Failed at the car@0.0.0 start script 'sudo node ./bin/www'.
18 error This is most likely a problem with the car package,
18 error not with npm itself.
18 error Tell the author that this fails on your system:
18 error     sudo node ./bin/www
18 error You can get their info via:
18 error     npm owner ls car
18 error There is likely additional logging output above.
19 verbose exit [ 1, true ]
